build.sh debug --init --make
[dep_create.sh] [NOTICE] 'Alibaba Cloud Linux 3 (Soaring Falcon) (x86_64)' is compatible with CentOS 9, use el9 dependencies list
[dep_create.sh] oceanbase.el9.x86_64.deps has been not initialized, due to /home/qingjun.hj/test/oceanbase/deps/3rd/dc316facfa51f9c28f256f881b6bff34 not exists
[dep_create.sh] disable share dep cache due to env DEP_CACHE_DIR not set
[dep_create.sh] check dependencies profile for oceanbase.el9.x86_64.deps... FOUND
[dep_create.sh] check repository address in profile...
[dep_create.sh] target: default, repo: http://mirrors.aliyun.com/oceanbase/development-kit/el/8/x86_64/
[dep_create.sh] target: community, repo: http://mirrors.aliyun.com/oceanbase/community/stable/el/8/x86_64/
[dep_create.sh] target: el9, repo: http://mirrors.aliyun.com/oceanbase/development-kit/el/9/x86_64/
[dep_create.sh] start to download dependencies...
[dep_create.sh] downloading package <obdevtools-binutils-2.30-12022100413.el8.x86_64.rpm>
[dep_create.sh] unpack package <obdevtools-binutils-2.30-12022100413.el8.x86_64.rpm>... SUCCESS
[dep_create.sh] downloading package <obdevtools-bison-2.4.1-12022100413.el8.x86_64.rpm>
[dep_create.sh] unpack package <obdevtools-bison-2.4.1-12022100413.el8.x86_64.rpm>... SUCCESS
[dep_create.sh] downloading package <obdevtools-ccache-3.7.12-12022100417.el8.x86_64.rpm>
[dep_create.sh] unpack package <obdevtools-ccache-3.7.12-12022100417.el8.x86_64.rpm>... SUCCESS
[dep_create.sh] downloading package <obdevtools-cmake-3.22.1-22022100417.el8.x86_64.rpm>
[dep_create.sh] unpack package <obdevtools-cmake-3.22.1-22022100417.el8.x86_64.rpm>... SUCCESS
[dep_create.sh] downloading package <obdevtools-flex-2.5.35-12022100417.el8.x86_64.rpm>
[dep_create.sh] unpack package <obdevtools-flex-2.5.35-12022100417.el8.x86_64.rpm>... SUCCESS
[dep_create.sh] downloading package <obdevtools-gcc9-9.3.0-52022092914.el8.x86_64.rpm>
[dep_create.sh] unpack package <obdevtools-gcc9-9.3.0-52022092914.el8.x86_64.rpm>... SUCCESS
[dep_create.sh] downloading package <obdevtools-llvm-11.0.1-312022092921.el8.x86_64.rpm>
[dep_create.sh] unpack package <obdevtools-llvm-11.0.1-312022092921.el8.x86_64.rpm>... SUCCESS
[dep_create.sh] downloading package <devdeps-gtest-1.8.0-132022101316.el8.x86_64.rpm>
[dep_create.sh] unpack package <devdeps-gtest-1.8.0-132022101316.el8.x86_64.rpm>... SUCCESS
[dep_create.sh] downloading package <devdeps-isa-l-static-2.22.0-22022092915.el8.x86_64.rpm>
[dep_create.sh] unpack package <devdeps-isa-l-static-2.22.0-22022092915.el8.x86_64.rpm>... SUCCESS
[dep_create.sh] downloading package <devdeps-libcurl-static-8.2.1-172023092015.el8.x86_64.rpm>
[dep_create.sh] unpack package <devdeps-libcurl-static-8.2.1-172023092015.el8.x86_64.rpm>... SUCCESS
[dep_create.sh] downloading package <devdeps-libunwind-static-1.6.2-222022100410.el8.x86_64.rpm>
[dep_create.sh] unpack package <devdeps-libunwind-static-1.6.2-222022100410.el8.x86_64.rpm>... SUCCESS
[dep_create.sh] downloading package <devdeps-mariadb-connector-c-3.1.12-12022100422.el8.x86_64.rpm>
[dep_create.sh] unpack package <devdeps-mariadb-connector-c-3.1.12-12022100422.el8.x86_64.rpm>... SUCCESS
[dep_create.sh] downloading package <devdeps-libaio-0.3.112-12022092915.el8.x86_64.rpm>
[dep_create.sh] unpack package <devdeps-libaio-0.3.112-12022092915.el8.x86_64.rpm>... SUCCESS
[dep_create.sh] downloading package <devdeps-relaxed-rapidjson-1.0.0-52023011719.el8.x86_64.rpm>
[dep_create.sh] unpack package <devdeps-relaxed-rapidjson-1.0.0-52023011719.el8.x86_64.rpm>... SUCCESS
[dep_create.sh] downloading package <devdeps-openssl-static-1.1.1u-22023100710.el8.x86_64.rpm>
[dep_create.sh] unpack package <devdeps-openssl-static-1.1.1u-22023100710.el8.x86_64.rpm>... SUCCESS
[dep_create.sh] downloading package <devdeps-libxml2-2.10.4-42023082915.el8.x86_64.rpm>
[dep_create.sh] unpack package <devdeps-libxml2-2.10.4-42023082915.el8.x86_64.rpm>... SUCCESS
[dep_create.sh] downloading package <devdeps-mxml-2.12.0-12022090616.el8.x86_64.rpm>
[dep_create.sh] unpack package <devdeps-mxml-2.12.0-12022090616.el8.x86_64.rpm>... SUCCESS
[dep_create.sh] downloading package <devdeps-xz-5.2.2-42022090615.el8.x86_64.rpm>
[dep_create.sh] unpack package <devdeps-xz-5.2.2-42022090615.el8.x86_64.rpm>... SUCCESS
[dep_create.sh] downloading package <devdeps-lua-5.4.6-22023082916.el8.x86_64.rpm>
[dep_create.sh] unpack package <devdeps-lua-5.4.6-22023082916.el8.x86_64.rpm>... SUCCESS
[dep_create.sh] downloading package <devdeps-oss-c-sdk-3.9.2-182022100412.el8.x86_64.rpm>
[dep_create.sh] unpack package <devdeps-oss-c-sdk-3.9.2-182022100412.el8.x86_64.rpm>... SUCCESS
[dep_create.sh] downloading package <devdeps-zlib-static-1.2.13-32023061421.el8.x86_64.rpm>
[dep_create.sh] unpack package <devdeps-zlib-static-1.2.13-32023061421.el8.x86_64.rpm>... SUCCESS
[dep_create.sh] downloading package <devdeps-ncurses-static-6.2-72022100815.el8.x86_64.rpm>
[dep_create.sh] unpack package <devdeps-ncurses-static-6.2-72022100815.el8.x86_64.rpm>... SUCCESS
[dep_create.sh] downloading package <devdeps-boost-1.74.0-22022110914.el8.x86_64.rpm>
[dep_create.sh] unpack package <devdeps-boost-1.74.0-22022110914.el8.x86_64.rpm>... SUCCESS
[dep_create.sh] downloading package <devdeps-s2geometry-0.9.0-12023092021.el8.x86_64.rpm>
[dep_create.sh] unpack package <devdeps-s2geometry-0.9.0-12023092021.el8.x86_64.rpm>... SUCCESS
[dep_create.sh] downloading package <devdeps-icu-69.1-72022112416.el8.x86_64.rpm>
[dep_create.sh] unpack package <devdeps-icu-69.1-72022112416.el8.x86_64.rpm>... SUCCESS
[dep_create.sh] downloading package <devdeps-cos-c-sdk-5.0.16-52023070517.el8.x86_64.rpm>
[dep_create.sh] unpack package <devdeps-cos-c-sdk-5.0.16-52023070517.el8.x86_64.rpm>... SUCCESS
[dep_create.sh] downloading package <devdeps-cloud-qpl-1.1.0-272023061419.el8.x86_64.rpm>
[dep_create.sh] unpack package <devdeps-cloud-qpl-1.1.0-272023061419.el8.x86_64.rpm>... SUCCESS
[dep_create.sh] downloading package <devdeps-s3-cpp-sdk-1.11.156-102023122011.el8.x86_64.rpm>
[dep_create.sh] unpack package <devdeps-s3-cpp-sdk-1.11.156-102023122011.el8.x86_64.rpm>... SUCCESS
[dep_create.sh] downloading package <devdeps-protobuf-c-1.4.1-100000062023102016.el8.x86_64.rpm>
[dep_create.sh] unpack package <devdeps-protobuf-c-1.4.1-100000062023102016.el8.x86_64.rpm>... SUCCESS
[dep_create.sh] downloading package <devdeps-apr-1.6.5-232023090616.el9.x86_64.rpm>
[dep_create.sh] unpack package <devdeps-apr-1.6.5-232023090616.el9.x86_64.rpm>... SUCCESS
[dep_create.sh] downloading package <ob-deploy-1.6.0-41.el8.x86_64.rpm>
[dep_create.sh] unpack package <ob-deploy-1.6.0-41.el8.x86_64.rpm>... SUCCESS
[dep_create.sh] downloading package <obclient-2.2.2-1.el8.x86_64.rpm>
[dep_create.sh] unpack package <obclient-2.2.2-1.el8.x86_64.rpm>... SUCCESS
[dep_create.sh] downloading package <libobclient-2.2.2-3.el8.x86_64.rpm>
[dep_create.sh] unpack package <libobclient-2.2.2-3.el8.x86_64.rpm>... SUCCESS
[dep_create.sh] downloading package <devdeps-oblogmsg-1.1-52024052811.el8.x86_64.rpm>
[dep_create.sh] unpack package <devdeps-oblogmsg-1.1-52024052811.el8.x86_64.rpm>... SUCCESS
[dep_create.sh] downloading package <devdeps-rocksdb-6.22.1.1-52022100420.el8.x86_64.rpm>
[dep_create.sh] unpack package <devdeps-rocksdb-6.22.1.1-52022100420.el8.x86_64.rpm>... SUCCESS
[dep_create.sh] downloading package <obshell-4.2.3.1-52024053020.el8.x86_64.rpm>
[dep_create.sh] unpack package <obshell-4.2.3.1-52024053020.el8.x86_64.rpm>... SUCCESS
[build.sh] use dep_create.sh to create deps cost time: 78m16s
-- build with pie
-- ob-compile not found, compile locally.
-- The CXX compiler identification is Clang 11.0.1
-- The C compiler identification is Clang 11.0.1
-- The ASM compiler identification is Clang with GNU-like command-line
-- Found assembler: /home/qingjun.hj/test/oceanbase/deps/3rd/usr/local/oceanbase/devtools/bin/clang
-- Detecting CXX compiler ABI info
-- Detecting CXX compiler ABI info - failed
-- Check for working CXX compiler: /home/qingjun.hj/test/oceanbase/deps/3rd/usr/local/oceanbase/devtools/bin/clang++
-- Check for working CXX compiler: /home/qingjun.hj/test/oceanbase/deps/3rd/usr/local/oceanbase/devtools/bin/clang++ - works
-- Detecting CXX compile features
-- Detecting CXX compile features - done
-- Detecting C compiler ABI info
-- Detecting C compiler ABI info - failed
-- Check for working C compiler: /home/qingjun.hj/test/oceanbase/deps/3rd/usr/local/oceanbase/devtools/bin/clang
-- Check for working C compiler: /home/qingjun.hj/test/oceanbase/deps/3rd/usr/local/oceanbase/devtools/bin/clang - works
-- Detecting C compile features
-- Detecting C compile features - done
-- open source build enabled
-- This is BINARY dir /home/qingjun.hj/test/oceanbase/build_debug
-- This is SOURCE dir /home/qingjun.hj/test/oceanbase
-- check deps for libeasy
-- This is BINARY dir /home/qingjun.hj/test/oceanbase/build_debug/deps/oblib
-- This is SOURCE dir /home/qingjun.hj/test/oceanbase/deps/oblib
-- oblib_add_library compress
-- oblib_add_library zstd
-- oblib_add_library zstd_1_3_8
-- oblib_add_library lz4
-- oblib_add_library snappy
-- zlib_lite use qpl
-- oblib_add_library zlib_lite
-- oblib_add_library restore
-- oblib_add_library s3
-- oblib_add_library cos_sdk
-- ob_lib_add_target oblib_lib_simd
-- ob_lib_add_target oblib_lib
-- ob_lib_add_target oblib_lib_bitmap
-- ob_add_new_object_target ob_malloc_object
-- ob_lib_add_target oblib_common
-- ob_lib_add_target oblib_rpc
-- oblib_extra_objects /home/qingjun.hj/test/oceanbase/build_debug/deps/oblib/src/lib/compress/zstd/zstd_objs.o;/home/qingjun.hj/test/oceanbase/build_debug/deps/oblib/src/lib/compress/zstd_1_3_8/zstd_1_3_8_objs.o;/home/qingjun.hj/test/oceanbase/build_debug/deps/oblib/src/lib/compress/lz4/lz4-all.a.o;/home/qingjun.hj/test/oceanbase/build_debug/deps/oblib/src/lib/compress/zlib_lite/zlib_lite_objs.o;/home/qingjun.hj/test/oceanbase/build_debug/deps/oblib/src/lib/restore/cos/cos_sdk_objs.o
-- /home/qingjun.hj/test/oceanbase/deps/3rd
-- This is BINARY dir /home/qingjun.hj/test/oceanbase/build_debug/src/objit
-- This is SOURCE dir /home/qingjun.hj/test/oceanbase/src/objit
-- Performing Test LLVM_LIBSTDCXX_MIN
-- Performing Test LLVM_LIBSTDCXX_MIN - Success
-- Performing Test LLVM_LIBSTDCXX_SOFT_ERROR
-- Performing Test LLVM_LIBSTDCXX_SOFT_ERROR - Success
-- Performing Test C_SUPPORTS_FPIC
-- Performing Test C_SUPPORTS_FPIC - Success
-- Performing Test CXX_SUPPORTS_FPIC
-- Performing Test CXX_SUPPORTS_FPIC - Success
-- Building with -fPIC
-- Performing Test SUPPORTS_FVISIBILITY_INLINES_HIDDEN_FLAG
-- Performing Test SUPPORTS_FVISIBILITY_INLINES_HIDDEN_FLAG - Success
-- Performing Test C_SUPPORTS_WERROR_DATE_TIME
-- Performing Test C_SUPPORTS_WERROR_DATE_TIME - Success
-- Performing Test CXX_SUPPORTS_WERROR_DATE_TIME
-- Performing Test CXX_SUPPORTS_WERROR_DATE_TIME - Success
-- Performing Test C_SUPPORTS_WERROR_UNGUARDED_AVAILABILITY_NEW
-- Performing Test C_SUPPORTS_WERROR_UNGUARDED_AVAILABILITY_NEW - Success
-- Performing Test CXX_SUPPORTS_WERROR_UNGUARDED_AVAILABILITY_NEW
-- Performing Test CXX_SUPPORTS_WERROR_UNGUARDED_AVAILABILITY_NEW - Success
-- Looking for os_signpost_interval_begin
-- Looking for os_signpost_interval_begin - not found
-- ob_add_new_object_target ob_share
-- ob_add_new_object_target ob_sql
-- observer_add_target ob_sql_simd
-- observer_add_target ob_pl
-- observer_add_target ob_rootserver
-- observer_add_target ob_logservice
-- ob_add_new_object_target obcdc_objects
-- ob_add_new_object_target obcdc_objects_miner
-- ob_add_new_object_target obcdc_tailf_objects
-- ob_add_new_object_target obcdc_tailf_objects_static
-- ob_add_new_object_target oblogminer_objs
-- ob_add_new_object_target oblogminer_obj_dev
-- ob_add_new_object_target ob_storage
-- observer_add_target ob_storage_simd
-- observer_add_target ob_diagnose_lua
-- observer_add_target ob_server
-- ob_add_new_object_target obtable_base_objects
-- Found PkgConfig: /usr/bin/pkg-config (found version "1.4.2") 
-- Configuring done
-- Generating done
-- Build files have been written to: /home/qingjun.hj/test/oceanbase/build_debug
[  0%] Building CXX object deps/oblib/src/lib/compress/zlib_lite/CMakeFiles/zlib_lite_qpl.dir/codec_deflate_qpl.cpp.o
[  0%] Building C object deps/oblib/src/lib/compress/zlib_lite/CMakeFiles/zlib_lite_objs.dir/zlib_lite_src/crc32.c.o
[  0%] Building C object deps/oblib/src/lib/compress/zlib_lite/CMakeFiles/zlib_lite_objs.dir/zlib_lite_src/adler32.c.o
[  3%] Building C object deps/oblib/src/lib/compress/zlib_lite/CMakeFiles/zlib_lite_objs.dir/zlib_lite_src/compress.c.o
[  3%] Building C object deps/easy/src/CMakeFiles/easy.dir/io/easy_baseth_pool.c.o
[  3%] Building C object deps/oblib/src/lib/compress/zlib_lite/CMakeFiles/zlib_lite_objs.dir/zlib_lite_src/gzclose.c.o
[  3%] Building C object deps/easy/src/CMakeFiles/easy.dir/io/easy_client.c.o
[  3%] Building C object deps/easy/src/CMakeFiles/easy.dir/io/easy_connection.c.o
[  3%] Building C object deps/easy/src/CMakeFiles/easy.dir/io/easy_file.c.o
[  3%] Building C object deps/easy/src/CMakeFiles/easy.dir/io/easy_io.c.o
[  3%] Building C object deps/easy/src/CMakeFiles/easy.dir/io/easy_log.c.o
[  3%] Building C object deps/oblib/src/lib/compress/zlib_lite/CMakeFiles/zlib_lite_objs.dir/zlib_lite_src/deflate.c.o
[  3%] Building C object deps/easy/src/CMakeFiles/easy.dir/io/easy_maccept.c.o
[  3%] Building C object deps/easy/src/CMakeFiles/easy.dir/io/easy_message.c.o
[  3%] Building C object deps/oblib/src/lib/compress/zlib_lite/CMakeFiles/zlib_lite_objs.dir/zlib_lite_src/gzlib.c.o
[  3%] Building C object deps/oblib/src/lib/compress/zlib_lite/CMakeFiles/zlib_lite_objs.dir/zlib_lite_src/gzread.c.o
[  3%] Building C object deps/oblib/src/lib/compress/zlib_lite/CMakeFiles/zlib_lite_objs.dir/zlib_lite_src/gzwrite.c.o
[  3%] Building C object deps/easy/src/CMakeFiles/easy.dir/io/easy_request.c.o
[  3%] Building C object deps/oblib/src/lib/compress/zlib_lite/CMakeFiles/zlib_lite_objs.dir/zlib_lite_src/infback.c.o
[  3%] Building C object deps/oblib/src/lib/compress/zlib_lite/CMakeFiles/zlib_lite_objs.dir/zlib_lite_src/inffast.c.o
[  3%] Building C object deps/easy/src/CMakeFiles/easy.dir/io/easy_socket.c.o
[  3%] Building C object deps/oblib/src/lib/compress/zlib_lite/CMakeFiles/zlib_lite_objs.dir/zlib_lite_src/inftrees.c.o
[  6%] Building C object deps/oblib/src/lib/compress/zlib_lite/CMakeFiles/zlib_lite_objs.dir/zlib_lite_src/trees.c.o
[  6%] Building C object deps/easy/src/CMakeFiles/easy.dir/io/easy_ssl.c.o
[  6%] Building C object deps/oblib/src/lib/compress/zlib_lite/CMakeFiles/zlib_lite_objs.dir/zlib_lite_src/uncompr.c.o
[  6%] Building C object deps/easy/src/CMakeFiles/easy.dir/io/easy_summary.c.o
[  6%] Building C object deps/oblib/src/lib/compress/zlib_lite/CMakeFiles/zlib_lite_objs.dir/zlib_lite_src/zutil.c.o
[  6%] Building C object deps/easy/src/CMakeFiles/easy.dir/io/easy_negotiation.c.o
[  6%] Building CXX object deps/oblib/src/lib/compress/zlib_lite/CMakeFiles/zlib_lite_objs.dir/zlib_lite_adaptor.cpp.o
[  6%] Building C object deps/easy/src/CMakeFiles/easy.dir/io/ev.c.o
[  6%] Building C object deps/easy/src/CMakeFiles/easy.dir/memory/easy_mem_page.c.o
[  6%] Building C object deps/easy/src/CMakeFiles/easy.dir/memory/easy_mem_pool.c.o
[  6%] Building C object deps/easy/src/CMakeFiles/easy.dir/memory/easy_mem_slab.c.o
[  6%] Building C object deps/easy/src/CMakeFiles/easy.dir/packet/http/easy_http_handler.c.o
[  6%] Building C object deps/easy/src/CMakeFiles/easy.dir/packet/http/http_parser.c.o
[  6%] Building C object deps/easy/src/CMakeFiles/easy.dir/thread/easy_uthread.c.o
[  6%] Building C object deps/easy/src/CMakeFiles/easy.dir/util/easy_array.c.o
[  6%] Building C object deps/easy/src/CMakeFiles/easy.dir/util/easy_buf.c.o
[  6%] Building C object deps/easy/src/CMakeFiles/easy.dir/util/easy_hash.c.o
[  6%] Building C object deps/easy/src/CMakeFiles/easy.dir/util/easy_inet.c.o
[  6%] Building C object deps/easy/src/CMakeFiles/easy.dir/util/easy_mod_stat.c.o
[  9%] Building C object deps/easy/src/CMakeFiles/easy.dir/util/easy_pool.c.o
[  9%] Building C object deps/easy/src/CMakeFiles/easy.dir/util/easy_string.c.o
[  9%] Building C object deps/easy/src/CMakeFiles/easy.dir/util/easy_time.c.o
[  9%] Building C object deps/easy/src/CMakeFiles/easy.dir/util/easy_util.c.o
[ 12%] Linking CXX static library libzlib_lite_qpl.a
[ 12%] Built target zlib_lite_qpl
[ 12%] Linking C static library libeasy.a
[ 12%] Built target easy
[ 12%] Building CXX object deps/oblib/src/lib/CMakeFiles/oblib_lib_simd.dir/Unity/unity_oblib_lib_simd_codec_simd/0_cxx.cxx.o
[ 15%] Building CXX object deps/oblib/src/lib/restore/cos/CMakeFiles/cos_wrapper.dir/ob_cos_wrapper.cpp.o
[ 15%] Building CXX object deps/oblib/src/lib/CMakeFiles/ob_malloc_object.dir/Unity/unity_ob_malloc_object_list_common_alloc/0_cxx.cxx.o
[ 15%] Building CXX object deps/oblib/src/rpc/CMakeFiles/oblib_rpc.dir/Unity/unity_oblib_rpc_common/0_cxx.cxx.o
[ 15%] Building C object deps/oblib/src/lib/compress/lz4/CMakeFiles/lz4_191.dir/lz4_src/lz4_191.c.o
[ 15%] Building C object deps/oblib/src/lib/compress/zstd/CMakeFiles/zstd_objs.dir/zstd_src/entropy_common.c.o
[ 15%] Building C object deps/oblib/src/lib/compress/lz4/CMakeFiles/lz4_171.dir/lz4_src/lz4_171.c.o
[ 15%] Building CXX object deps/oblib/src/lib/compress/snappy/CMakeFiles/snappy.dir/snappy_src/snappy-c.cpp.o
[ 15%] Building CXX object deps/oblib/src/lib/compress/lz4/CMakeFiles/lz4_objs.dir/ob_lz4_compressor.cpp.o
[ 15%] Building C object deps/oblib/src/lib/compress/zstd_1_3_8/CMakeFiles/zstd_1_3_8_objs.dir/zstd_src/debug.c.o
[ 15%] Building CXX object deps/oblib/src/lib/CMakeFiles/oblib_lib_bitmap.dir/Unity/unity_oblib_lib_bitmap_common/0_cxx.cxx.o
[ 15%] Building CXX object deps/oblib/src/lib/restore/CMakeFiles/s3.dir/ob_storage_s3_base.cpp.o
[ 15%] Building CXX object deps/oblib/src/lib/CMakeFiles/malloc_hook.dir/alloc/malloc_hook.cpp.o
[ 15%] Building CXX object deps/oblib/src/common/CMakeFiles/oblib_common.dir/Unity/unity_oblib_common_common/0_cxx.cxx.o
[ 18%] Building CXX object src/share/CMakeFiles/ob_share.dir/Unity/unity_ob_share_external_table/0_cxx.cxx.o
[ 18%] Built target zlib_lite_objs
[ 18%] Building C object deps/oblib/src/lib/compress/zstd_1_3_8/CMakeFiles/zstd_1_3_8_objs.dir/zstd_src/entropy_common.c.o
[ 18%] Building C object deps/oblib/src/lib/compress/zstd/CMakeFiles/zstd_objs.dir/zstd_src/error_private.c.o
[ 18%] Building CXX object deps/oblib/src/lib/compress/snappy/CMakeFiles/snappy.dir/snappy_src/snappy.cpp.o
[ 18%] Building C object deps/oblib/src/lib/compress/zstd_1_3_8/CMakeFiles/zstd_1_3_8_objs.dir/zstd_src/error_private.c.o
[ 18%] Building C object deps/oblib/src/lib/compress/zstd/CMakeFiles/zstd_objs.dir/zstd_src/fse_compress.c.o
[ 18%] Building C object deps/oblib/src/lib/compress/zstd_1_3_8/CMakeFiles/zstd_1_3_8_objs.dir/zstd_src/fse_compress.c.o
[ 18%] Building CXX object src/share/CMakeFiles/ob_share.dir/Unity/unity_ob_share_stat/0_cxx.cxx.o
[ 18%] Building C object deps/oblib/src/lib/compress/zstd/CMakeFiles/zstd_objs.dir/zstd_src/fse_decompress.c.o
[ 18%] Building CXX object deps/oblib/src/lib/compress/lz4/CMakeFiles/lz4_171.dir/lz4_171_wrapper.cpp.o
[ 18%] Building C object deps/oblib/src/lib/compress/zstd_1_3_8/CMakeFiles/zstd_1_3_8_objs.dir/zstd_src/fse_decompress.c.o
[ 18%] Built target lz4_171
[ 18%] Built target cos_wrapper
[ 18%] Building CXX object src/share/CMakeFiles/ob_share.dir/Unity/unity_ob_share_schema/1_cxx.cxx.o
[ 21%] Building C object deps/oblib/src/lib/compress/zstd/CMakeFiles/zstd_objs.dir/zstd_src/huf_compress.c.o
[ 21%] Building CXX object src/share/CMakeFiles/ob_share.dir/Unity/unity_ob_share_redolog/0_cxx.cxx.o
[ 21%] Building C object deps/oblib/src/lib/compress/zstd_1_3_8/CMakeFiles/zstd_1_3_8_objs.dir/zstd_src/hist.c.o
[ 21%] Building C object deps/oblib/src/lib/compress/zstd/CMakeFiles/zstd_objs.dir/zstd_src/huf_decompress.c.o
[ 21%] Building C object deps/oblib/src/lib/compress/zstd_1_3_8/CMakeFiles/zstd_1_3_8_objs.dir/zstd_src/huf_compress.c.o
[ 21%] Building C object deps/oblib/src/lib/compress/zstd/CMakeFiles/zstd_objs.dir/zstd_src/xxhash.c.o
[ 21%] Building C object deps/oblib/src/lib/compress/zstd_1_3_8/CMakeFiles/zstd_1_3_8_objs.dir/zstd_src/huf_decompress.c.o
[ 21%] Building C object deps/oblib/src/lib/compress/lz4/CMakeFiles/lz4_191.dir/lz4_src/lz4hc_191.c.o
[ 21%] Building CXX object deps/oblib/src/lib/compress/snappy/CMakeFiles/snappy.dir/snappy_src/snappy-sinksource.cpp.o
[ 21%] Building C object deps/oblib/src/lib/compress/zstd/CMakeFiles/zstd_objs.dir/zstd_src/zbuff_compress.c.o
[ 21%] Building CXX object deps/oblib/src/lib/compress/snappy/CMakeFiles/snappy.dir/snappy_src/snappy-stubs-internal.cpp.o
[ 21%] Building C object deps/oblib/src/lib/compress/zstd/CMakeFiles/zstd_objs.dir/zstd_src/zbuff_decompress.c.o
[ 21%] Building CXX object deps/oblib/src/lib/compress/lz4/CMakeFiles/lz4_objs.dir/ob_lz4_compressor_191.cpp.o
[ 21%] Building C object deps/oblib/src/lib/compress/zstd/CMakeFiles/zstd_objs.dir/zstd_src/zstd_common.c.o
[ 21%] Building C object deps/oblib/src/lib/compress/zstd/CMakeFiles/zstd_objs.dir/zstd_src/zstd_compress.c.o
[ 21%] Building C object deps/oblib/src/lib/compress/zstd_1_3_8/CMakeFiles/zstd_1_3_8_objs.dir/zstd_src/pool.c.o
[ 21%] Building CXX object deps/oblib/src/lib/compress/lz4/CMakeFiles/lz4_191.dir/lz4_191_wrapper.cpp.o
[ 21%] Building C object deps/oblib/src/lib/compress/zstd_1_3_8/CMakeFiles/zstd_1_3_8_objs.dir/zstd_src/threading.c.o
[ 21%] Built target lz4_191
[ 21%] Building C object deps/oblib/src/lib/compress/zstd/CMakeFiles/zstd_objs.dir/zstd_src/zstd_decompress.c.o
[ 21%] Building C object deps/oblib/src/lib/compress/zstd_1_3_8/CMakeFiles/zstd_1_3_8_objs.dir/zstd_src/xxhash.c.o
[ 21%] Built target snappy
[ 21%] Building C object deps/oblib/src/lib/compress/zstd_1_3_8/CMakeFiles/zstd_1_3_8_objs.dir/zstd_src/zstd_common.c.o
[ 21%] Building CXX object src/sql/CMakeFiles/ob_sql_simd.dir/Unity/unity_ob_sql_simd_common/0_cxx.cxx.o
[ 21%] Building C object deps/oblib/src/lib/compress/zstd/CMakeFiles/zstd_objs.dir/zstd_src/zstd_v01.c.o
[ 24%] Building C object deps/oblib/src/lib/compress/zstd_1_3_8/CMakeFiles/zstd_1_3_8_objs.dir/zstd_src/zstd_compress.c.o
[ 24%] Building C object src/sql/parser/CMakeFiles/ob_sql_proxy_parser_objects.dir/sql_parser_mysql_mode_lex.c.o
[ 24%] Building C object deps/oblib/src/lib/compress/zstd/CMakeFiles/zstd_objs.dir/zstd_src/zstd_v02.c.o
[ 24%] Building C object deps/oblib/src/lib/compress/zstd_1_3_8/CMakeFiles/zstd_1_3_8_objs.dir/zstd_src/zstd_ddict.c.o
[ 24%] Building CXX object deps/oblib/src/lib/compress/lz4/CMakeFiles/lz4_objs.dir/ob_lz4_stream_compressor.cpp.o
[ 24%] Building C object deps/oblib/src/lib/compress/zstd_1_3_8/CMakeFiles/zstd_1_3_8_objs.dir/zstd_src/zstd_decompress_block.c.o
[ 24%] Building C object deps/oblib/src/lib/compress/zstd/CMakeFiles/zstd_objs.dir/zstd_src/zstd_v03.c.o
[ 24%] Building C object deps/oblib/src/lib/compress/zstd/CMakeFiles/zstd_objs.dir/zstd_src/zstd_v04.c.o
[ 24%] Building C object deps/oblib/src/lib/compress/zstd_1_3_8/CMakeFiles/zstd_1_3_8_objs.dir/zstd_src/zstd_decompress.c.o
[ 24%] Building CXX object deps/oblib/src/rpc/CMakeFiles/oblib_rpc.dir/Unity/unity_oblib_rpc_frame/0_cxx.cxx.o
[ 24%] Building C object deps/oblib/src/lib/compress/zstd/CMakeFiles/zstd_objs.dir/zstd_src/zstd_v05.c.o
[ 24%] Building C object deps/oblib/src/lib/compress/zstd_1_3_8/CMakeFiles/zstd_1_3_8_objs.dir/zstd_src/zstd_double_fast.c.o
[ 24%] Building C object deps/oblib/src/lib/compress/zstd/CMakeFiles/zstd_objs.dir/zstd_src/zstd_v06.c.o
[ 24%] Building C object deps/oblib/src/lib/compress/zstd_1_3_8/CMakeFiles/zstd_1_3_8_objs.dir/zstd_src/zstd_fast.c.o
[ 24%] Building CXX object deps/oblib/src/lib/compress/lz4/CMakeFiles/lz4_objs.dir/ob_lz4_stream_compressor_191.cpp.o
[ 24%] Building C object deps/oblib/src/lib/compress/zstd/CMakeFiles/zstd_objs.dir/zstd_src/zstd_v07.c.o
[ 24%] Building C object deps/oblib/src/lib/compress/zstd_1_3_8/CMakeFiles/zstd_1_3_8_objs.dir/zstd_src/zstd_lazy.c.o
[ 27%] Building CXX object deps/oblib/src/lib/compress/zstd/CMakeFiles/zstd_objs.dir/ob_zstd_wrapper.cpp.o
[ 27%] Built target zstd_objs
[ 27%] Building C object deps/oblib/src/lib/compress/zstd_1_3_8/CMakeFiles/zstd_1_3_8_objs.dir/zstd_src/zstd_ldm.c.o
[ 27%] Building C object src/sql/parser/CMakeFiles/ob_sql_server_parser_objects.dir/sql_parser_mysql_mode_lex.c.o
[ 27%] Building C object deps/oblib/src/lib/compress/zstd_1_3_8/CMakeFiles/zstd_1_3_8_objs.dir/zstd_src/zstdmt_compress.c.o
[ 30%] Building C object src/sql/parser/CMakeFiles/ob_sql_proxy_parser_objects.dir/sql_parser_mysql_mode_tab.c.o
[ 30%] Building C object deps/oblib/src/lib/compress/zstd_1_3_8/CMakeFiles/zstd_1_3_8_objs.dir/zstd_src/zstd_opt.c.o
[ 30%] Built target lz4_objs
[ 30%] Building CXX object src/pl/CMakeFiles/ob_pl.dir/Unity/unity_ob_pl_common/0_cxx.cxx.o
[ 30%] Building CXX object deps/oblib/src/lib/compress/zstd_1_3_8/CMakeFiles/zstd_1_3_8_objs.dir/ob_zstd_wrapper.cpp.o
[ 30%] Built target zstd_1_3_8_objs
[ 30%] Building CXX object src/rootserver/CMakeFiles/ob_rootserver.dir/Unity/unity_ob_rootserver_backup/0_cxx.cxx.o
[ 30%] Building C object src/sql/parser/CMakeFiles/ob_sql_server_parser_objects.dir/sql_parser_mysql_mode_tab.c.o
[ 30%] Linking CXX static library libmalloc_hook.a
[ 30%] Built target malloc_hook
[ 30%] Building CXX object src/logservice/CMakeFiles/ob_logservice.dir/Unity/unity_ob_logservice_archiveservice/0_cxx.cxx.o
[ 30%] Built target oblib_lib_bitmap
[ 30%] Building CXX object deps/oblib/src/rpc/CMakeFiles/oblib_rpc.dir/Unity/unity_oblib_rpc_obmysql/0_cxx.cxx.o
[ 30%] Built target oblib_lib_simd
[ 30%] Building CXX object src/observer/CMakeFiles/ob_server.dir/Unity/unity_ob_server_table/0_cxx.cxx.o
[ 30%] Building CXX object deps/oblib/src/common/CMakeFiles/oblib_common.dir/Unity/unity_oblib_common_common_mixed/0_cxx.cxx.o
[ 30%] Building CXX object src/logservice/CMakeFiles/ob_logservice.dir/Unity/unity_ob_logservice_cdcservice/0_cxx.cxx.o
[ 30%] Building CXX object deps/oblib/src/lib/CMakeFiles/ob_malloc_object.dir/Unity/unity_ob_malloc_object_list_common_alloc/1_cxx.cxx.o
[ 30%] Building CXX object src/share/CMakeFiles/ob_share.dir/Unity/unity_ob_share_rpc/0_cxx.cxx.o
[ 30%] Built target s3
[ 30%] Building CXX object src/sql/CMakeFiles/ob_sql.dir/Unity/unity_ob_sql_engine_expr/8_cxx.cxx.o
[ 30%] Building C object src/sql/parser/CMakeFiles/ob_sql_proxy_parser_objects.dir/non_reserved_keywords_mysql_mode.c.o
[ 30%] Building C object src/sql/parser/CMakeFiles/ob_sql_proxy_parser_objects.dir/ob_non_reserved_keywords.c.o
[ 30%] Building CXX object src/sql/parser/CMakeFiles/ob_sql_proxy_parser_objects.dir/ob_sql_parser.cpp.o
[ 30%] Building CXX object src/sql/parser/CMakeFiles/ob_sql_proxy_parser_objects.dir/parse_malloc.cpp.o
[ 30%] Building C object src/sql/parser/CMakeFiles/ob_sql_proxy_parser_objects.dir/parse_node.c.o
[ 30%] Building CXX object src/sql/parser/CMakeFiles/ob_sql_proxy_parser_objects.dir/parse_node_hash.cpp.o
[ 30%] Building C object src/sql/parser/CMakeFiles/ob_sql_server_parser_objects.dir/non_reserved_keywords_mysql_mode.c.o
[ 33%] Building C object src/sql/parser/CMakeFiles/ob_sql_server_parser_objects.dir/ob_non_reserved_keywords.c.o
[ 33%] Building CXX object src/sql/parser/CMakeFiles/ob_sql_proxy_parser_objects.dir/ob_fast_parser.cpp.o
[ 33%] Building CXX object src/sql/parser/CMakeFiles/ob_sql_server_parser_objects.dir/ob_sql_parser.cpp.o
[ 33%] Built target ob_malloc_object
[ 33%] Building CXX object src/share/CMakeFiles/ob_share.dir/Unity/unity_ob_share_ls/0_cxx.cxx.o
[ 33%] Building CXX object src/sql/parser/CMakeFiles/ob_sql_server_parser_objects.dir/parse_malloc.cpp.o
[ 33%] Building C object src/sql/parser/CMakeFiles/ob_sql_server_parser_objects.dir/parse_node.c.o
[ 33%] Building CXX object src/sql/parser/CMakeFiles/ob_sql_server_parser_objects.dir/parse_node_hash.cpp.o
[ 33%] Building CXX object src/sql/parser/CMakeFiles/ob_sql_server_parser_objects.dir/ob_fast_parser.cpp.o
[ 33%] Building CXX object deps/oblib/src/rpc/CMakeFiles/oblib_rpc.dir/Unity/unity_oblib_rpc_obmysql_packet/0_cxx.cxx.o
[ 33%] Building CXX object deps/oblib/src/rpc/CMakeFiles/oblib_rpc.dir/Unity/unity_oblib_rpc_obrpc/0_cxx.cxx.o
[ 33%] Built target ob_sql_simd
[ 33%] Building CXX object src/storage/CMakeFiles/ob_storage.dir/Unity/unity_ob_storage_ls/0_cxx.cxx.o
[ 33%] Building CXX object deps/oblib/src/common/CMakeFiles/oblib_common.dir/Unity/unity_oblib_common_log/0_cxx.cxx.o
[ 33%] Building C object src/sql/parser/CMakeFiles/ob_sql_proxy_parser_objects.dir/sql_parser_base.c.o
[ 33%] Building CXX object src/sql/parser/CMakeFiles/ob_sql_proxy_parser_objects.dir/parser_utility.cpp.o
[ 33%] Building C object src/sql/parser/CMakeFiles/ob_sql_proxy_parser_objects.dir/type_name.c.o
[ 33%] Building CXX object src/sql/parser/CMakeFiles/ob_sql_proxy_parser_objects.dir/__/__/__/deps/oblib/src/lib/hash_func/murmur_hash.cpp.o
[ 33%] Building CXX object src/sql/parser/CMakeFiles/ob_sql_proxy_parser_objects.dir/__/__/__/deps/oblib/src/lib/charset/ob_ctype_bin.cc.o
[ 33%] Building CXX object src/sql/parser/CMakeFiles/ob_sql_proxy_parser_objects.dir/__/__/__/deps/oblib/src/lib/charset/ob_ctype.cc.o
[ 33%] Building CXX object src/sql/parser/CMakeFiles/ob_sql_proxy_parser_objects.dir/__/__/__/deps/oblib/src/lib/charset/ob_ctype_gbk.cc.o
[ 33%] Built target oblib_rpc
[ 33%] Building CXX object src/storage/CMakeFiles/ob_storage_simd.dir/Unity/unity_ob_storage_simd_common/0_cxx.cxx.o
[ 33%] Building CXX object deps/oblib/src/common/CMakeFiles/oblib_common.dir/Unity/unity_oblib_common_storage/0_cxx.cxx.o
[ 33%] Building C object src/sql/parser/CMakeFiles/ob_sql_server_parser_objects.dir/sql_parser_base.c.o
[ 33%] Building CXX object src/sql/parser/CMakeFiles/ob_sql_server_parser_objects.dir/parser_utility.cpp.o
[ 33%] Building C object src/sql/parser/CMakeFiles/ob_sql_server_parser_objects.dir/type_name.c.o
[ 36%] Building CXX object src/sql/parser/CMakeFiles/ob_sql_proxy_parser_objects.dir/__/__/__/deps/oblib/src/lib/charset/ob_ctype_latin1.cc.o
[ 36%] Building CXX object src/sql/parser/CMakeFiles/ob_sql_server_parser_objects.dir/ob_parser.cpp.o
[ 36%] Building CXX object src/sql/parser/CMakeFiles/ob_sql_proxy_parser_objects.dir/__/__/__/deps/oblib/src/lib/charset/ob_ctype_mb.cc.o
[ 36%] Building CXX object src/sql/parser/CMakeFiles/ob_sql_proxy_parser_objects.dir/__/__/__/deps/oblib/src/lib/charset/ob_ctype_simple.cc.o
[ 36%] Building CXX object src/sql/parser/CMakeFiles/ob_sql_proxy_parser_objects.dir/__/__/__/deps/oblib/src/lib/charset/ob_ctype_utf8.cc.o
[ 36%] Building CXX object src/sql/parser/CMakeFiles/ob_sql_proxy_parser_objects.dir/__/__/__/deps/oblib/src/lib/charset/ob_dtoa.cc.o
[ 36%] Building CXX object src/sql/parser/CMakeFiles/ob_sql_proxy_parser_objects.dir/__/__/__/deps/oblib/src/lib/charset/ob_ctype_utf16.cc.o
[ 36%] Building CXX object src/sql/parser/CMakeFiles/ob_sql_proxy_parser_objects.dir/__/__/__/deps/oblib/src/lib/charset/ob_ctype_uca.cc.o
[ 36%] Building CXX object src/sql/parser/CMakeFiles/ob_sql_proxy_parser_objects.dir/__/__/__/deps/oblib/src/lib/charset/ob_ctype_gb18030.cc.o
[ 36%] Built target oblib_common
[ 36%] Building CXX object src/diagnose/lua/CMakeFiles/ob_diagnose_lua.dir/Unity/unity_ob_diagnose_lua_common/0_cxx.cxx.o
[ 36%] Building CXX object src/sql/parser/CMakeFiles/ob_sql_proxy_parser_objects.dir/__/__/__/deps/oblib/src/lib/charset/uca900_ja_tbls.cc.o
[ 36%] Building CXX object src/sql/parser/CMakeFiles/ob_sql_proxy_parser_objects.dir/__/__/__/deps/oblib/src/lib/charset/uca900_zh_tbls.cc.o
[ 36%] Building CXX object src/sql/parser/CMakeFiles/ob_sql_proxy_parser_objects.dir/__/__/__/deps/oblib/src/lib/charset/uca900_zh2_tbls.cc.o
[ 36%] Building CXX object src/sql/parser/CMakeFiles/ob_sql_server_parser_objects.dir/parser_proxy_func.cpp.o
[ 36%] Built target ob_sql_server_parser_objects
[ 36%] Building CXX object src/logservice/libobcdc/src/CMakeFiles/obcdc_objects.dir/Unity/unity_obcdc_object_list_common/0_cxx.cxx.o
[ 36%] Building CXX object src/sql/parser/CMakeFiles/ob_sql_proxy_parser_objects.dir/__/__/__/deps/oblib/src/lib/charset/uca900_zh3_tbls.cc.o
[ 36%] Built target ob_sql_proxy_parser_objects
[ 36%] Building CXX object src/observer/CMakeFiles/ob_main.dir/main.cpp.o
[ 36%] Built target ob_storage_simd
[ 36%] Generating cos_sdk_lib.o
[ 36%] Generating cos_sdk_objs.o
[ 36%] Generating cos_sdk_lib.o
[ 36%] Generating cos_sdk_objs.o
[ 36%] Built target cos_sdk
[ 36%] Linking CXX static library libob_malloc.a
[ 36%] Built target ob_malloc
[ 36%] Generating zlib_lite_objs.o
[ 36%] Built target zlib_lite
[ 36%] Generating zstd_objs.o
[ 36%] Built target zstd
[ 36%] Building CXX object src/logservice/libobcdc/src/CMakeFiles/obcdc_objects.dir/Unity/unity_obcdc_object_list_common/1_cxx.cxx.o
[ 36%] Building CXX object src/share/CMakeFiles/ob_share.dir/Unity/unity_ob_share_schema/2_cxx.cxx.o
[ 36%] Building CXX object src/share/CMakeFiles/ob_share.dir/Unity/unity_ob_share_deadlock/0_cxx.cxx.o
[ 36%] Building CXX object src/logservice/CMakeFiles/ob_logservice.dir/Unity/unity_ob_logservice_common_mixed/0_cxx.cxx.o
[ 36%] Building CXX object src/logservice/CMakeFiles/ob_logservice.dir/Unity/unity_ob_logservice_common/0_cxx.cxx.o
[ 36%] Building CXX object src/sql/CMakeFiles/ob_sql.dir/Unity/unity_ob_sql_optimizer/0_cxx.cxx.o
[ 36%] Building CXX object src/observer/CMakeFiles/ob_server.dir/Unity/unity_ob_server_common/1_cxx.cxx.o
[ 36%] Building CXX object src/logservice/libobcdc/src/CMakeFiles/obcdc_objects.dir/Unity/unity_obcdc_object_list_common/2_cxx.cxx.o
[ 36%] Building CXX object src/logservice/libobcdc/src/CMakeFiles/obcdc_objects.dir/Unity/unity_obcdc_object_list_common/3_cxx.cxx.o
[ 39%] Building CXX object src/storage/CMakeFiles/ob_storage.dir/Unity/unity_ob_storage_direct_load/0_cxx.cxx.o
[ 39%] Building CXX object src/share/CMakeFiles/ob_share.dir/Unity/unity_ob_share_resource_manager/0_cxx.cxx.o
[ 39%] Built target ob_diagnose_lua
[ 39%] Generating zstd_1_3_8_objs.o
[ 39%] Built target zstd_1_3_8
[ 42%] Generating lz4_191.a
[ 42%] Generating lz4_171.a
[ 42%] Generating lz4-all.a.o
[ 42%] Built target lz4
[ 42%] Building CXX object deps/oblib/src/lib/restore/CMakeFiles/restore.dir/ob_i_storage.cpp.o
[ 42%] Building CXX object deps/oblib/src/lib/restore/CMakeFiles/restore.dir/ob_storage.cpp.o
[ 42%] Building CXX object src/pl/CMakeFiles/ob_pl.dir/Unity/unity_ob_pl_pl_cache/0_cxx.cxx.o
[ 42%] Built target ob_main
[ 42%] Linking CXX static library libob_sql_server_parser_static.a
[ 42%] Built target ob_sql_server_parser_static
[ 42%] Building CXX object deps/oblib/src/lib/compress/CMakeFiles/compress.dir/ob_compressor.cpp.o
[ 42%] Building CXX object deps/oblib/src/lib/compress/CMakeFiles/compress.dir/ob_compressor_pool.cpp.o
[ 42%] Building CXX object src/rootserver/CMakeFiles/ob_rootserver.dir/Unity/unity_ob_rootserver_common/0_cxx.cxx.o
[ 42%] Building CXX object deps/oblib/src/lib/compress/CMakeFiles/compress.dir/ob_stream_compressor.cpp.o
[ 42%] Building CXX object deps/oblib/src/lib/compress/CMakeFiles/compress.dir/none/ob_none_compressor.cpp.o
[ 42%] Building CXX object src/share/CMakeFiles/ob_share.dir/Unity/unity_ob_share_config/0_cxx.cxx.o
[ 42%] Building CXX object deps/oblib/src/lib/compress/CMakeFiles/compress.dir/snappy/ob_snappy_compressor.cpp.o
[ 45%] Building CXX object deps/oblib/src/lib/restore/CMakeFiles/restore.dir/ob_storage_file.cpp.o
[ 45%] Building CXX object deps/oblib/src/lib/compress/CMakeFiles/compress.dir/zlib/ob_zlib_compressor.cpp.o
[ 45%] Building CXX object deps/oblib/src/lib/compress/CMakeFiles/compress.dir/zstd/ob_zstd_compressor.cpp.o
[ 45%] Building CXX object deps/oblib/src/lib/restore/CMakeFiles/restore.dir/ob_storage_oss_base.cpp.o
[ 45%] Building CXX object deps/oblib/src/lib/compress/CMakeFiles/compress.dir/zstd/ob_zstd_stream_compressor.cpp.o
[ 45%] Building CXX object deps/oblib/src/lib/compress/CMakeFiles/compress.dir/zstd_1_3_8/ob_zstd_compressor_1_3_8.cpp.o
[ 45%] Building CXX object src/logservice/CMakeFiles/ob_logservice.dir/Unity/unity_ob_logservice_common_util/0_cxx.cxx.o
[ 45%] Building CXX object deps/oblib/src/lib/compress/CMakeFiles/compress.dir/zstd_1_3_8/ob_zstd_stream_compressor_1_3_8.cpp.o
[ 45%] Building CXX object src/share/CMakeFiles/ob_share.dir/Unity/unity_ob_share_wr/0_cxx.cxx.o
[ 45%] Building CXX object deps/oblib/src/lib/compress/CMakeFiles/compress.dir/zlib_lite/ob_zlib_lite_compressor.cpp.o
[ 45%] Building C object src/logservice/libobcdc/src/CMakeFiles/obcdc_objects.dir/Unity/unity_obcdc_object_list_common/1_c.c.o
[ 45%] Building CXX object src/share/CMakeFiles/ob_share.dir/Unity/unity_ob_share_throttle/0_cxx.cxx.o
[ 45%] Building CXX object deps/oblib/src/lib/restore/CMakeFiles/restore.dir/ob_storage_cos_base.cpp.o
[ 45%] Building CXX object src/logservice/CMakeFiles/ob_logservice.dir/Unity/unity_ob_logservice_leader_coordinator/0_cxx.cxx.o
[ 45%] Building CXX object src/rootserver/CMakeFiles/ob_rootserver.dir/Unity/unity_ob_rootserver_restore/0_cxx.cxx.o
[ 45%] Built target compress
[ 45%] Building CXX object src/rootserver/CMakeFiles/ob_rootserver.dir/Unity/unity_ob_rootserver_common/1_cxx.cxx.o
[ 45%] Building CXX object deps/oblib/src/lib/restore/CMakeFiles/restore.dir/ob_storage_path.cpp.o
[ 45%] Building CXX object src/observer/CMakeFiles/ob_server.dir/Unity/unity_ob_server_omt/0_cxx.cxx.o
[ 45%] Building CXX object deps/oblib/src/lib/restore/CMakeFiles/restore.dir/ob_storage_info.cpp.o
[ 45%] Building CXX object deps/oblib/src/lib/restore/CMakeFiles/restore.dir/cos/ob_cos_wrapper_handle.cpp.o
[ 48%] Building CXX object src/logservice/CMakeFiles/ob_logservice.dir/Unity/unity_ob_logservice_logrouteservice/0_cxx.cxx.o
[ 48%] Built target obcdc_objects
[ 48%] Building CXX object src/logservice/CMakeFiles/ob_logservice.dir/Unity/unity_ob_logservice_palf/0_cxx.cxx.o
[ 48%] Building CXX object deps/oblib/src/lib/restore/CMakeFiles/restore.dir/ob_object_device.cpp.o
[ 48%] Building CXX object src/observer/CMakeFiles/ob_server.dir/Unity/unity_ob_server_table_load/0_cxx.cxx.o
[ 48%] Built target restore
[ 48%] Building CXX object src/observer/CMakeFiles/ob_server.dir/Unity/unity_ob_server_net/0_cxx.cxx.o
[ 48%] Building CXX object src/storage/CMakeFiles/ob_storage.dir/Unity/unity_ob_storage_common/0_cxx.cxx.o
[ 48%] Building CXX object src/storage/CMakeFiles/ob_storage.dir/Unity/unity_ob_storage_access/0_cxx.cxx.o
[ 48%] Building CXX object src/logservice/CMakeFiles/ob_logservice.dir/Unity/unity_ob_logservice_data_dictionary/0_cxx.cxx.o
[ 48%] Building CXX object src/pl/CMakeFiles/ob_pl.dir/Unity/unity_ob_pl_sys_package/0_cxx.cxx.o
[ 48%] Building CXX object src/pl/CMakeFiles/ob_pl.dir/Unity/unity_ob_pl_dblink/0_cxx.cxx.o
[ 48%] Building CXX object src/share/CMakeFiles/ob_share.dir/Unity/unity_ob_share_common_mixed/2_cxx.cxx.o
[ 48%] Building CXX object src/sql/CMakeFiles/ob_sql.dir/Unity/unity_ob_sql_engine_expr/7_cxx.cxx.o
[ 51%] Building CXX object src/pl/CMakeFiles/ob_pl.dir/parser/ob_pl_parser.cpp.o
[ 51%] Building CXX object src/share/CMakeFiles/ob_share.dir/Unity/unity_ob_share_common_mixed/3_cxx.cxx.o
[ 51%] Building CXX object src/logservice/CMakeFiles/ob_logservice.dir/Unity/unity_ob_logservice_palf/1_cxx.cxx.o
[ 51%] Building CXX object src/observer/CMakeFiles/ob_server.dir/Unity/unity_ob_server_table/1_cxx.cxx.o
[ 51%] Building C object src/pl/CMakeFiles/ob_pl.dir/parser/pl_non_reserved_keywords_mysql_mode.c.o
[ 51%] Building C object src/pl/CMakeFiles/ob_pl.dir/parser/pl_parser_base.c.o
[ 51%] Building C object src/pl/CMakeFiles/ob_pl.dir/parser/pl_parser_mysql_mode_lex.c.o
[ 51%] Building C object src/pl/CMakeFiles/ob_pl.dir/parser/pl_parser_mysql_mode_tab.c.o
[ 51%] Building CXX object src/share/CMakeFiles/ob_share.dir/Unity/unity_ob_share_cache/0_cxx.cxx.o
[ 54%] Building CXX object src/share/CMakeFiles/ob_share.dir/Unity/unity_ob_share_common_mixed/1_cxx.cxx.o
[ 54%] Building CXX object src/observer/CMakeFiles/ob_server.dir/Unity/unity_ob_server_mysql/1_cxx.cxx.o
[ 54%] Building CXX object src/rootserver/CMakeFiles/ob_rootserver.dir/Unity/unity_ob_rootserver_common/2_cxx.cxx.o
[ 54%] Building CXX object src/storage/CMakeFiles/ob_storage.dir/Unity/unity_ob_storage_fts/0_cxx.cxx.o
[ 54%] Building CXX object src/share/CMakeFiles/ob_share.dir/Unity/unity_ob_share_SCHEMA_CPPS/1_cxx.cxx.o
[ 54%] Building CXX object deps/oblib/src/lib/CMakeFiles/oblib_lib.dir/Unity/unity_oblib_lib_oblog/0_cxx.cxx.o
[ 54%] Building CXX object src/share/CMakeFiles/ob_share.dir/Unity/unity_ob_share_SCHEMA_CPPS/0_cxx.cxx.o
[ 54%] Building CXX object src/share/CMakeFiles/ob_share.dir/Unity/unity_ob_share_allocator/0_cxx.cxx.o
[ 54%] Building CXX object deps/oblib/src/lib/CMakeFiles/oblib_lib.dir/Unity/unity_oblib_lib_lock/0_cxx.cxx.o
[ 54%] Building CXX object src/rootserver/CMakeFiles/ob_rootserver.dir/Unity/unity_ob_rootserver_balance/0_cxx.cxx.o
[ 54%] Built target ob_pl
[ 54%] Building CXX object src/rootserver/CMakeFiles/ob_rootserver.dir/Unity/unity_ob_rootserver_freeze/0_cxx.cxx.o
[ 57%] Building CXX object deps/oblib/src/lib/CMakeFiles/oblib_lib.dir/Unity/unity_oblib_lib_common_mixed/3_cxx.cxx.o
[ 57%] Building CXX object deps/oblib/src/lib/CMakeFiles/oblib_lib.dir/Unity/unity_oblib_lib_vtoa/0_cxx.cxx.o
[ 57%] Building CXX object deps/oblib/src/lib/CMakeFiles/oblib_lib.dir/Unity/unity_oblib_lib_common_mixed/2_cxx.cxx.o
[ 57%] Building CXX object deps/oblib/src/lib/CMakeFiles/oblib_lib.dir/Unity/unity_oblib_lib_mysqlclient/0_cxx.cxx.o
[ 57%] Building CXX object src/storage/CMakeFiles/ob_storage.dir/Unity/unity_ob_storage_tx_table/0_cxx.cxx.o
[ 57%] Building CXX object src/sql/CMakeFiles/ob_sql.dir/Unity/unity_ob_sql_engine_expr/15_cxx.cxx.o
[ 57%] Building CXX object deps/oblib/src/lib/CMakeFiles/oblib_lib.dir/Unity/unity_oblib_lib_codec/0_cxx.cxx.o
[ 57%] Building CXX object src/logservice/CMakeFiles/ob_logservice.dir/Unity/unity_ob_logservice_palf_election/0_cxx.cxx.o
[ 57%] Building CXX object src/share/CMakeFiles/ob_share.dir/Unity/unity_ob_share_SCHEMA_CPPS/2_cxx.cxx.o
[ 57%] Building CXX object deps/oblib/src/lib/CMakeFiles/oblib_lib.dir/Unity/unity_oblib_lib_geo/2_cxx.cxx.o
[ 57%] Building CXX object src/rootserver/CMakeFiles/ob_rootserver.dir/Unity/unity_ob_rootserver_ddl_task/0_cxx.cxx.o
[ 57%] Building CXX object src/share/CMakeFiles/ob_share.dir/Unity/unity_ob_share_schema/0_cxx.cxx.o
[ 57%] Building CXX object src/share/CMakeFiles/ob_share.dir/Unity/unity_ob_share_io/0_cxx.cxx.o
[ 60%] Building CXX object src/observer/CMakeFiles/ob_server.dir/Unity/unity_ob_server_mysql/0_cxx.cxx.o
[ 60%] Building CXX object src/share/CMakeFiles/ob_share.dir/Unity/unity_ob_share_text_analysis/0_cxx.cxx.o
[ 60%] Building CXX object src/storage/CMakeFiles/ob_storage.dir/Unity/unity_ob_storage_tx/3_cxx.cxx.o
[ 60%] Building CXX object deps/oblib/src/lib/CMakeFiles/oblib_lib.dir/Unity/unity_oblib_lib_geo/1_cxx.cxx.o
[ 60%] Building CXX object deps/oblib/src/lib/CMakeFiles/oblib_lib.dir/Unity/unity_oblib_lib_geo/0_cxx.cxx.o
[ 60%] Building CXX object src/observer/CMakeFiles/ob_server.dir/Unity/unity_ob_server_dbms_job/0_cxx.cxx.o
[ 60%] Building CXX object src/share/CMakeFiles/ob_share.dir/Unity/unity_ob_share_tablet/0_cxx.cxx.o
[ 60%] Building CXX object src/share/CMakeFiles/ob_share.dir/Unity/unity_ob_share_common_mixed/0_cxx.cxx.o
[ 60%] Building CXX object src/observer/CMakeFiles/ob_server.dir/Unity/unity_ob_server_table_load/1_cxx.cxx.o
[ 60%] Building CXX object deps/oblib/src/lib/CMakeFiles/oblib_lib.dir/Unity/unity_oblib_lib_common_mixed/0_cxx.cxx.o
[ 60%] Building CXX object src/storage/CMakeFiles/ob_storage.dir/Unity/unity_ob_storage_ddl/0_cxx.cxx.o
[ 60%] Building CXX object deps/oblib/src/lib/CMakeFiles/oblib_lib.dir/Unity/unity_oblib_lib_common/0_cxx.cxx.o
[ 60%] Building CXX object src/sql/CMakeFiles/ob_sql.dir/Unity/unity_ob_sql_engine_basic/1_cxx.cxx.o
[ 60%] Building CXX object src/sql/CMakeFiles/ob_sql.dir/Unity/unity_ob_sql_engine_expr/5_cxx.cxx.o
[ 60%] Building CXX object deps/oblib/src/lib/CMakeFiles/oblib_lib.dir/Unity/unity_oblib_lib_common_mixed/1_cxx.cxx.o
[ 60%] Building CXX object src/logservice/CMakeFiles/ob_logservice.dir/Unity/unity_ob_logservice_restoreservice/0_cxx.cxx.o
[ 60%] Building CXX object src/rootserver/CMakeFiles/ob_rootserver.dir/Unity/unity_ob_rootserver_parallel_ddl/0_cxx.cxx.o
[ 60%] Building CXX object deps/oblib/src/lib/CMakeFiles/oblib_lib.dir/Unity/unity_oblib_lib_charset/0_cxx.cxx.o
[ 60%] Building CXX object src/storage/CMakeFiles/ob_storage.dir/Unity/unity_ob_storage_access/1_cxx.cxx.o
[ 60%] Building CXX object deps/oblib/src/lib/CMakeFiles/oblib_lib.dir/Unity/unity_oblib_lib_signal/0_cxx.cxx.o
[ 60%] Building CXX object src/share/CMakeFiles/ob_share.dir/Unity/unity_ob_share_stat/1_cxx.cxx.o
[ 60%] Building CXX object src/share/CMakeFiles/ob_share.dir/Unity/unity_ob_share_backup/0_cxx.cxx.o
[ 60%] Building CXX object deps/oblib/src/lib/CMakeFiles/oblib_lib.dir/Unity/unity_oblib_lib_thread/0_cxx.cxx.o
[ 60%] Building CXX object src/rootserver/CMakeFiles/ob_rootserver.dir/Unity/unity_ob_rootserver_virtual_table/0_cxx.cxx.o
[ 60%] Building CXX object src/rootserver/CMakeFiles/ob_rootserver.dir/Unity/unity_ob_rootserver_tenant_snapshot/0_cxx.cxx.o
[ 60%] Building CXX object src/share/CMakeFiles/ob_share.dir/Unity/unity_ob_share_common/0_cxx.cxx.o
[ 60%] Building CXX object deps/oblib/src/lib/CMakeFiles/oblib_lib.dir/Unity/unity_oblib_lib_utility/0_cxx.cxx.o
[ 60%] Building CXX object src/observer/CMakeFiles/ob_server.dir/Unity/unity_ob_server_common_mixed/0_cxx.cxx.o
[ 60%] Building CXX object src/share/CMakeFiles/ob_share.dir/Unity/unity_ob_share_common/2_cxx.cxx.o
[ 63%] Building CXX object deps/oblib/src/lib/CMakeFiles/oblib_lib.dir/Unity/unity_oblib_lib_ash/0_cxx.cxx.o
[ 63%] Building CXX object deps/oblib/src/lib/CMakeFiles/oblib_lib.dir/Unity/unity_oblib_lib_ssl/0_cxx.cxx.o
[ 63%] Building C object deps/oblib/src/lib/CMakeFiles/oblib_lib.dir/Unity/unity_oblib_lib_geo/1_c.c.o
[ 63%] Building C object deps/oblib/src/lib/CMakeFiles/oblib_lib.dir/Unity/unity_oblib_lib_common_mixed/0_c.c.o
[ 63%] Building C object deps/oblib/src/lib/CMakeFiles/oblib_lib.dir/Unity/unity_oblib_lib_signal/0_c.c.o
[ 63%] Building CXX object deps/oblib/src/lib/CMakeFiles/oblib_lib.dir/timezone/ob_timezone_util.cpp.o
[ 63%] Building CXX object deps/oblib/src/lib/CMakeFiles/oblib_lib.dir/geo/ob_geo_func_difference.cpp.o
[ 63%] Building CXX object src/observer/CMakeFiles/ob_server.dir/Unity/unity_ob_server_virtual_table/0_cxx.cxx.o
[ 66%] Building CXX object src/rootserver/CMakeFiles/ob_rootserver.dir/Unity/unity_ob_rootserver_mview/0_cxx.cxx.o
[ 66%] Building CXX object src/rootserver/CMakeFiles/ob_rootserver.dir/ob_ddl_service.cpp.o
[ 66%] Building CXX object src/sql/CMakeFiles/ob_sql.dir/Unity/unity_ob_sql_engine_expr/4_cxx.cxx.o
[ 66%] Building CXX object src/logservice/CMakeFiles/ob_logservice.dir/Unity/unity_ob_logservice_logfetcher/0_cxx.cxx.o
[ 66%] Building CXX object src/sql/CMakeFiles/ob_sql.dir/Unity/unity_ob_sql_optimizer/1_cxx.cxx.o
[ 66%] Building CXX object src/observer/CMakeFiles/ob_server.dir/Unity/unity_ob_server_common/0_cxx.cxx.o
[ 66%] Building CXX object src/rootserver/CMakeFiles/ob_rootserver.dir/ob_root_service.cpp.o
[ 66%] Building CXX object src/storage/CMakeFiles/ob_storage.dir/Unity/unity_ob_storage_blocksstable/0_cxx.cxx.o
[ 66%] Building CXX object deps/oblib/src/lib/CMakeFiles/oblib_lib.dir/geo/ob_geo_func_covered_by.cpp.o
[ 66%] Building CXX object src/rootserver/CMakeFiles/ob_rootserver.dir/ddl_task/ob_ddl_redefinition_task.cpp.o
[ 66%] Building CXX object src/share/CMakeFiles/ob_share.dir/Unity/unity_ob_share_common/1_cxx.cxx.o
[ 66%] Building CXX object src/observer/CMakeFiles/ob_server.dir/Unity/unity_ob_server_virtual_table/1_cxx.cxx.o
[ 69%] Building CXX object src/share/CMakeFiles/ob_share.dir/Unity/unity_ob_share_common/3_cxx.cxx.o
[ 69%] Building CXX object src/share/CMakeFiles/ob_share.dir/Unity/unity_ob_share_common/4_cxx.cxx.o
[ 69%] Building CXX object src/share/CMakeFiles/ob_share.dir/Unity/unity_ob_share_unit/0_cxx.cxx.o
[ 69%] Built target ob_logservice
[ 69%] Building CXX object src/share/CMakeFiles/ob_share.dir/Unity/unity_ob_share_vector/0_cxx.cxx.o
[ 69%] Building CXX object src/storage/CMakeFiles/ob_storage.dir/Unity/unity_ob_storage_column_store/0_cxx.cxx.o
[ 69%] Building CXX object src/share/CMakeFiles/ob_share.dir/Unity/unity_ob_share_balance/0_cxx.cxx.o
[ 69%] Building CXX object src/sql/CMakeFiles/ob_sql.dir/Unity/unity_ob_sql_udr/0_cxx.cxx.o
[ 69%] Building CXX object src/share/CMakeFiles/ob_share.dir/Unity/unity_ob_share_resource_limit_calculator/0_cxx.cxx.o
[ 69%] Building CXX object deps/oblib/src/lib/CMakeFiles/oblib_lib.dir/geo/ob_geo_func_within.cpp.o
[ 69%] Building CXX object src/share/CMakeFiles/ob_share.dir/Unity/unity_ob_share_aggregate/0_cxx.cxx.o
[ 69%] Building CXX object src/storage/CMakeFiles/ob_storage.dir/Unity/unity_ob_storage_tx/2_cxx.cxx.o
[ 69%] Building CXX object src/storage/CMakeFiles/ob_storage.dir/Unity/unity_ob_storage_direct_load/2_cxx.cxx.o
[ 69%] Building CXX object src/share/CMakeFiles/ob_share.dir/ob_rpc_struct.cpp.o
[ 69%] Building CXX object src/observer/CMakeFiles/ob_server.dir/Unity/unity_ob_server_virtual_table/2_cxx.cxx.o
[ 69%] Building CXX object src/observer/CMakeFiles/ob_server.dir/Unity/unity_ob_server_virtual_table/6_cxx.cxx.o
[ 69%] Building CXX object src/share/CMakeFiles/ob_share.dir/ob_tenant_mgr.cpp.o
[ 69%] Building CXX object deps/oblib/src/lib/CMakeFiles/oblib_lib.dir/geo/ob_geo_func_union.cpp.o
[ 69%] Building CXX object src/rootserver/CMakeFiles/ob_rootserver.dir/ob_unit_manager.cpp.o
[ 69%] Building CXX object src/share/CMakeFiles/ob_share.dir/datum/ob_datum_funcs.cpp.o
[ 69%] Building CXX object src/storage/CMakeFiles/ob_storage.dir/Unity/unity_ob_storage_tx/1_cxx.cxx.o
[ 69%] Building CXX object src/rootserver/CMakeFiles/ob_rootserver.dir/ob_heartbeat_service.cpp.o
[ 69%] Building CXX object src/share/CMakeFiles/ob_share.dir/schema/ob_schema_service_sql_impl.cpp.o
[ 69%] Building CXX object src/sql/CMakeFiles/ob_sql.dir/Unity/unity_ob_sql_engine_expr/2_cxx.cxx.o
[ 69%] Building CXX object src/sql/CMakeFiles/ob_sql.dir/Unity/unity_ob_sql_engine_expr/11_cxx.cxx.o
[ 69%] Building CXX object src/share/CMakeFiles/ob_share.dir/parameter/ob_parameter_attr.cpp.o
[ 69%] Building CXX object src/share/CMakeFiles/ob_share.dir/vector/expr_cmp_func.cpp.o
[ 69%] Building CXX object deps/oblib/src/lib/CMakeFiles/oblib_lib.dir/geo/ob_geo_func_touches.cpp.o
[ 69%] Building CXX object src/observer/CMakeFiles/ob_server.dir/Unity/unity_ob_server_virtual_table/3_cxx.cxx.o
[ 69%] Building CXX object deps/oblib/src/lib/CMakeFiles/oblib_lib.dir/geo/ob_geo_func_equals.cpp.o
[ 69%] Building CXX object src/observer/CMakeFiles/ob_server.dir/Unity/unity_ob_server_virtual_table/4_cxx.cxx.o
[ 69%] Building CXX object src/share/CMakeFiles/ob_share.dir/aggregate/sum.cpp.o
[ 69%] Building CXX object src/storage/CMakeFiles/ob_storage.dir/Unity/unity_ob_storage_tx/0_cxx.cxx.o
[ 69%] Building CXX object src/storage/CMakeFiles/ob_storage.dir/Unity/unity_ob_storage_tx_wrs/0_cxx.cxx.o
[ 69%] Building CXX object src/share/CMakeFiles/ob_share.dir/aggregate/processor.cpp.o
[ 69%] Building CXX object deps/oblib/src/lib/CMakeFiles/oblib_lib.dir/geo/ob_geo_func_intersects.cpp.o
[ 69%] Building CXX object deps/oblib/src/lib/CMakeFiles/oblib_lib.dir/geo/ob_geo_func_symdifference.cpp.o
[ 69%] Building CXX object deps/oblib/src/lib/CMakeFiles/oblib_lib.dir/geo/ob_geo_func_distance.cpp.o
[ 69%] Built target ob_rootserver
[ 72%] Building CXX object deps/oblib/src/lib/CMakeFiles/oblib_lib.dir/geo/ob_geo_func_crosses.cpp.o
[ 72%] Building CXX object src/sql/CMakeFiles/ob_sql.dir/Unity/unity_ob_sql_engine_expr/1_cxx.cxx.o
[ 72%] Building CXX object deps/oblib/src/lib/CMakeFiles/oblib_lib.dir/geo/ob_geo_func_overlaps.cpp.o
[ 72%] Building CXX object src/share/CMakeFiles/ob_share.dir/aggregate/single_row.cpp.o
[ 72%] Building CXX object src/sql/CMakeFiles/ob_sql.dir/Unity/unity_ob_sql_engine/1_cxx.cxx.o
[ 72%] Building CXX object src/sql/CMakeFiles/ob_sql.dir/Unity/unity_ob_sql_engine_px/0_cxx.cxx.o
[ 75%] Building CXX object src/storage/CMakeFiles/ob_storage.dir/Unity/unity_ob_storage_tablet/0_cxx.cxx.o
[ 75%] Building CXX object src/storage/CMakeFiles/ob_storage.dir/Unity/unity_ob_storage_backup/0_cxx.cxx.o
[ 75%] Building CXX object src/storage/CMakeFiles/ob_storage.dir/Unity/unity_ob_storage_slog/0_cxx.cxx.o
[ 75%] Building CXX object src/observer/CMakeFiles/ob_server.dir/Unity/unity_ob_server_virtual_table/5_cxx.cxx.o
[ 75%] Building CXX object src/storage/CMakeFiles/ob_storage.dir/Unity/unity_ob_storage_lob/0_cxx.cxx.o
[ 78%] Building CXX object src/sql/CMakeFiles/ob_sql.dir/Unity/unity_ob_sql_engine_px/1_cxx.cxx.o
[ 78%] Building CXX object src/sql/CMakeFiles/ob_sql.dir/Unity/unity_ob_sql_engine_expr/0_cxx.cxx.o
[ 78%] Building CXX object src/sql/CMakeFiles/ob_sql.dir/Unity/unity_ob_sql_engine_expr/14_cxx.cxx.o
[ 78%] Built target oblib_lib
[ 78%] Linking CXX static library liboblib.a
[ 78%] Building CXX object src/sql/CMakeFiles/ob_sql.dir/Unity/unity_ob_sql_executor/1_cxx.cxx.o
[ 78%] Built target oblib
[ 78%] Building CXX object src/sql/CMakeFiles/ob_sql.dir/Unity/unity_ob_sql_engine_dml/0_cxx.cxx.o
[ 78%] Building CXX object src/sql/CMakeFiles/ob_sql.dir/Unity/unity_ob_sql_dtl/0_cxx.cxx.o
[ 78%] Building CXX object src/sql/CMakeFiles/ob_sql.dir/Unity/unity_ob_sql_engine/0_cxx.cxx.o
[ 78%] Building CXX object src/sql/CMakeFiles/ob_sql.dir/Unity/unity_ob_sql_engine_expr/6_cxx.cxx.o
[ 78%] Building CXX object src/storage/CMakeFiles/ob_storage.dir/Unity/unity_ob_storage_blocksstable/1_cxx.cxx.o
[ 78%] Building CXX object src/sql/CMakeFiles/ob_sql.dir/Unity/unity_ob_sql_resolver_ddl/2_cxx.cxx.o
[ 78%] Building CXX object src/storage/CMakeFiles/ob_storage.dir/Unity/unity_ob_storage_tablet/1_cxx.cxx.o
In file included from /home/qingjun.hj/test/oceanbase/build_debug/src/storage/CMakeFiles/ob_storage.dir/Unity/unity_ob_storage_blocksstable/1_cxx.cxx:3:
[1m/home/qingjun.hj/test/oceanbase/src/storage/blocksstable/ob_micro_block_row_scanner.cpp:550:12: [0m[0;1;31merror: [0m[1mcannot initialize a variable of type 'int64_t *' (aka 'long *') with an lvalue of type 'int32_t *' (aka 'int *')[0m
  int64_t *row_ids = pd_filter_info.row_ids_;
[0;1;32m           ^         ~~~~~~~~~~~~~~~~~~~~~~~
[0m[1m/home/qingjun.hj/test/oceanbase/src/storage/blocksstable/ob_micro_block_row_scanner.cpp:582:46: [0m[0;1;31merror: [0m[1mcannot initialize a parameter of type 'const int32_t *' (aka 'const int *') with an lvalue of type 'int64_t *' (aka 'long *')[0m
                                             row_ids,
[0;1;32m                                             ^~~~~~~
[0m[1m/home/qingjun.hj/test/oceanbase/deps/oblib/src/lib/utility/ob_macro_utils.h:622:84: [0m[0;1;30mnote: [0mexpanded from macro 'OB_FAIL'[0m
#define OB_FAIL(statement) (OB_UNLIKELY(::oceanbase::common::OB_SUCCESS != (ret = (statement))))
[0;1;32m                                                                                   ^~~~~~~~~
[0m[1m/home/qingjun.hj/test/oceanbase/deps/oblib/src/lib/utility/ob_macro_utils.h:598:48: [0m[0;1;30mnote: [0mexpanded from macro 'OB_UNLIKELY'[0m
#define OB_UNLIKELY(x)     __builtin_expect(!!(x),!!0)
[0;1;32m                                               ^
[0m[1m/home/qingjun.hj/test/oceanbase/src/storage/blocksstable/ob_micro_block_row_scanner.h:138:22: [0m[0;1;30mnote: [0mpassing argument to parameter 'row_ids' here[0m
      const int32_t *row_ids,
[0;1;32m                     ^
[0mIn file included from /home/qingjun.hj/test/oceanbase/build_debug/src/storage/CMakeFiles/ob_storage.dir/Unity/unity_ob_storage_blocksstable/1_cxx.cxx:3:
[1m/home/qingjun.hj/test/oceanbase/src/storage/blocksstable/ob_micro_block_row_scanner.cpp:593:50: [0m[0;1;31merror: [0m[1mcannot initialize a parameter of type 'const int32_t *' (aka 'const int *') with an lvalue of type 'int64_t *' (aka 'long *')[0m
                                                 row_ids,
[0;1;32m                                                 ^~~~~~~
[0m[1m/home/qingjun.hj/test/oceanbase/deps/oblib/src/lib/utility/ob_macro_utils.h:622:84: [0m[0;1;30mnote: [0mexpanded from macro 'OB_FAIL'[0m
#define OB_FAIL(statement) (OB_UNLIKELY(::oceanbase::common::OB_SUCCESS != (ret = (statement))))
[0;1;32m                                                                                   ^~~~~~~~~
[0m[1m/home/qingjun.hj/test/oceanbase/deps/oblib/src/lib/utility/ob_macro_utils.h:598:48: [0m[0;1;30mnote: [0mexpanded from macro 'OB_UNLIKELY'[0m
#define OB_UNLIKELY(x)     __builtin_expect(!!(x),!!0)
[0;1;32m                                               ^
[0m[1m/home/qingjun.hj/test/oceanbase/src/storage/blocksstable/ob_micro_block_row_scanner.h:128:22: [0m[0;1;30mnote: [0mpassing argument to parameter 'row_ids' here[0m
      const int32_t *row_ids,
[0;1;32m                     ^
[0m[ 78%] Building CXX object src/sql/CMakeFiles/ob_sql.dir/Unity/unity_ob_sql_code_generator/0_cxx.cxx.o
[ 78%] Building CXX object src/observer/CMakeFiles/ob_server.dir/ob_server.cpp.o
[ 78%] Building CXX object src/storage/CMakeFiles/ob_storage.dir/Unity/unity_ob_storage_blocksstable_encoding/1_cxx.cxx.o
[ 78%] Building CXX object src/sql/CMakeFiles/ob_sql.dir/Unity/unity_ob_sql_resolver/0_cxx.cxx.o
[ 78%] Building CXX object src/sql/CMakeFiles/ob_sql.dir/Unity/unity_ob_sql_das/0_cxx.cxx.o
[ 78%] Building CXX object src/sql/CMakeFiles/ob_sql.dir/Unity/unity_ob_sql_engine_expr/9_cxx.cxx.o
[ 78%] Building CXX object src/storage/CMakeFiles/ob_storage.dir/Unity/unity_ob_storage_blocksstable_encoding/0_cxx.cxx.o
[ 78%] Building CXX object src/sql/CMakeFiles/ob_sql.dir/Unity/unity_ob_sql_common_mixed/0_cxx.cxx.o
[ 78%] Building CXX object src/sql/CMakeFiles/ob_sql.dir/Unity/unity_ob_sql_engine_px/2_cxx.cxx.o
3 errors generated.
make[2]: *** [src/storage/CMakeFiles/ob_storage.dir/build.make:356: src/storage/CMakeFiles/ob_storage.dir/Unity/unity_ob_storage_blocksstable/1_cxx.cxx.o] Error 1
make[2]: *** Waiting for unfinished jobs....
[ 81%] Building CXX object src/sql/CMakeFiles/ob_sql.dir/Unity/unity_ob_sql_engine_expr/10_cxx.cxx.o
[ 81%] Building CXX object src/sql/CMakeFiles/ob_sql.dir/Unity/unity_ob_sql_das/1_cxx.cxx.o
[ 81%] Built target ob_share
[ 81%] Building CXX object src/objit/src/CMakeFiles/objit_objects.dir/core/jit_context.cpp.o
[ 81%] Building CXX object src/sql/CMakeFiles/ob_sql.dir/Unity/unity_ob_sql_engine_cmd/0_cxx.cxx.o
[ 81%] Building CXX object src/objit/src/CMakeFiles/objit_objects.dir/core/ob_jit_allocator.cpp.o
[ 81%] Building CXX object src/sql/CMakeFiles/ob_sql.dir/Unity/unity_ob_sql_common/0_cxx.cxx.o
[ 81%] Building CXX object src/sql/CMakeFiles/ob_sql.dir/Unity/unity_ob_sql_resolver_ddl/0_cxx.cxx.o
[ 81%] Building CXX object src/sql/CMakeFiles/ob_sql.dir/Unity/unity_ob_sql_engine_aggregate/0_cxx.cxx.o
[ 81%] Building CXX object src/objit/src/CMakeFiles/objit_objects.dir/core/ob_jit_memory_manager.cpp.o
[ 81%] Building CXX object src/objit/src/CMakeFiles/objit_objects.dir/core/ob_orc_jit.cpp.o
[ 81%] Building CXX object src/objit/src/CMakeFiles/objit_objects.dir/dummy.cpp.o
[ 81%] Building CXX object src/objit/src/CMakeFiles/objit_objects.dir/expr/ob_case_op_expr.cpp.o
[ 81%] Building CXX object src/objit/src/CMakeFiles/objit_objects.dir/expr/ob_column_ref_expr.cpp.o
[ 81%] Building CXX object src/objit/src/CMakeFiles/objit_objects.dir/expr/ob_const_expr.cpp.o
[ 84%] Building CXX object src/objit/src/CMakeFiles/objit_objects.dir/expr/ob_iraw_expr.cpp.o
[ 84%] Building CXX object src/objit/src/CMakeFiles/objit_objects.dir/expr/ob_llvm_type.cpp.o
[ 84%] Building CXX object src/sql/CMakeFiles/ob_sql.dir/Unity/unity_ob_sql_engine_expr/12_cxx.cxx.o
[ 84%] Building CXX object src/sql/CMakeFiles/ob_sql.dir/Unity/unity_ob_sql_engine_basic/0_cxx.cxx.o
[ 84%] Building CXX object src/sql/CMakeFiles/ob_sql.dir/Unity/unity_ob_sql_engine_expr/3_cxx.cxx.o
[ 87%] Linking CXX static library libob_share_static.a
[ 87%] Built target ob_share_static
[ 87%] Building CXX object src/sql/CMakeFiles/ob_sql.dir/Unity/unity_ob_sql_resolver_prepare/0_cxx.cxx.o
[ 87%] Building CXX object src/objit/src/CMakeFiles/objit_objects.dir/expr/ob_op_expr.cpp.o
[ 87%] Building CXX object src/sql/CMakeFiles/ob_sql.dir/Unity/unity_ob_sql_engine_cmd/1_cxx.cxx.o
[ 87%] Building CXX object src/sql/CMakeFiles/ob_sql.dir/Unity/unity_ob_sql_engine_expr/13_cxx.cxx.o
[ 87%] Building CXX object src/sql/CMakeFiles/ob_sql.dir/Unity/unity_ob_sql_engine_join/0_cxx.cxx.o
[ 87%] Building CXX object src/sql/CMakeFiles/ob_sql.dir/Unity/unity_ob_sql_engine_pdml/0_cxx.cxx.o
[ 87%] Building CXX object src/objit/src/CMakeFiles/objit_objects.dir/expr/ob_var_expr.cpp.o
[ 87%] Building CXX object src/sql/CMakeFiles/ob_sql.dir/Unity/unity_ob_sql_optimizer/2_cxx.cxx.o
[ 87%] Building CXX object src/objit/src/CMakeFiles/objit_objects.dir/expr/string_cmp.cpp.o
[ 87%] Building CXX object src/objit/src/CMakeFiles/objit_objects.dir/ob_llvm_di_helper.cpp.o
[ 87%] Building CXX object src/observer/CMakeFiles/ob_server.dir/ob_service.cpp.o
[ 87%] Building CXX object src/objit/src/CMakeFiles/objit_objects.dir/ob_llvm_helper.cpp.o
[ 90%] Building CXX object src/sql/CMakeFiles/ob_sql.dir/Unity/unity_ob_sql_engine_set/0_cxx.cxx.o
make[1]: *** [CMakeFiles/Makefile2:11725: src/storage/CMakeFiles/ob_storage.dir/all] Error 2
make[1]: *** Waiting for unfinished jobs....
[ 90%] Building CXX object src/observer/CMakeFiles/ob_server.dir/table/htable_filter_lex.cxx.o
[ 90%] Building CXX object src/sql/CMakeFiles/ob_sql.dir/Unity/unity_ob_sql_plan_cache/0_cxx.cxx.o
[ 90%] Building CXX object src/sql/CMakeFiles/ob_sql.dir/Unity/unity_ob_sql_engine_table/0_cxx.cxx.o
[ 90%] Building CXX object src/sql/CMakeFiles/ob_sql.dir/Unity/unity_ob_sql_executor/0_cxx.cxx.o
[ 90%] Building CXX object src/sql/CMakeFiles/ob_sql.dir/Unity/unity_ob_sql_monitor/0_cxx.cxx.o
[ 90%] Building CXX object src/sql/CMakeFiles/ob_sql.dir/Unity/unity_ob_sql_printer/0_cxx.cxx.o
[ 90%] Building CXX object src/sql/CMakeFiles/ob_sql.dir/Unity/unity_ob_sql_resolver_cmd/0_cxx.cxx.o
[ 90%] Building CXX object src/sql/CMakeFiles/ob_sql.dir/Unity/unity_ob_sql_resolver_ddl/1_cxx.cxx.o
[ 90%] Building CXX object src/sql/CMakeFiles/ob_sql.dir/Unity/unity_ob_sql_resolver_dcl/0_cxx.cxx.o
[ 90%] Building CXX object src/sql/CMakeFiles/ob_sql.dir/Unity/unity_ob_sql_resolver_dml/0_cxx.cxx.o
[ 90%] Building CXX object src/objit/src/CMakeFiles/objit_objects.dir/ob_llvm_symbolizer.cpp.o
[ 90%] Building CXX object src/sql/CMakeFiles/ob_sql.dir/Unity/unity_ob_sql_resolver_expr/0_cxx.cxx.o
[ 90%] Building CXX object src/sql/CMakeFiles/ob_sql.dir/Unity/unity_ob_sql_rewrite/0_cxx.cxx.o
[ 90%] Building CXX object src/sql/CMakeFiles/ob_sql.dir/Unity/unity_ob_sql_rewrite/1_cxx.cxx.o
[ 90%] Built target objit_objects
[ 90%] Building CXX object src/sql/CMakeFiles/ob_sql.dir/Unity/unity_ob_sql_session/0_cxx.cxx.o
[ 90%] Built target ob_server
[ 90%] Built target ob_sql
make: *** [Makefile:166: all] Error 2
